<?xml version="1.0" encoding="UTF-8"?>
<!-- Generated by org.testng.reporters.JUnitReportReporter -->
<testsuite hostname="ubantu-Vostro-2520" failures="0" tests="1" name="Testcases1.Test1" time="24.862" errors="0" timestamp="2023-02-06T16:17:22 IST" skipped="0">
  <testcase classname="Testcases1.Test1" name="validattitle" time="24.862"/>
  <system-out/>
</testsuite> <!-- Testcases1.Test1 -->
