<?xml version="1.0" encoding="UTF-8"?>
<!-- Generated by org.testng.reporters.JUnitReportReporter -->
<testsuite hostname="ubantu-Vostro-2520" failures="0" tests="2" name="Testngcases1.TestDP" time="26.102" errors="0" timestamp="2023-02-07T00:33:04 IST" skipped="0">
  <testcase classname="Testngcases1.TestDP" name="DataProvSampleTest" time="11.490"/>
  <system-out/>
  <testcase classname="Testngcases1.TestDP" name="DataProvSampleTest" time="14.612"/>
  <system-out/>
</testsuite> <!-- Testngcases1.TestDP -->
