<?xml version="1.0" encoding="UTF-8"?>
<!-- Generated by org.testng.reporters.JUnitReportReporter -->
<testsuite hostname="ubantu-Vostro-2520" failures="0" tests="1" name="Testngcases1.NewLogin" time="0.000" errors="0" timestamp="2023-02-07T01:01:25 IST" skipped="1">
  <testcase classname="Testngcases1.NewLogin" name="testLogin" time="0.000">
    <skipped/>
  </testcase> <!-- testLogin -->
  <system-out/>
</testsuite> <!-- Testngcases1.NewLogin -->
